<?xml version="1.0" encoding="UTF-8"?><testsuite errors="0" failures="0" name="com.gorest.testsuite.UserCURDTestWithSteps" skipped="0" tests="4" time="12.57" timestamp="2023-08-08T19:46:53.415+01:00[Europe/London]"><testcase classname="com.gorest.testsuite.UserCURDTestWithSteps" name="This will create new user"/><testcase classname="com.gorest.testsuite.UserCURDTestWithSteps" name="Verify if the user was added to the application"/><testcase classname="com.gorest.testsuite.UserCURDTestWithSteps" name="Update the user information and verify the updated information"/><testcase classname="com.gorest.testsuite.UserCURDTestWithSteps" name="Delete the product and verify if the product is deleted!"/></testsuite>